# JRE version: OpenJDK Runtime Environment (21.0.1+12) (build 21.0.1+12-29)
# Java VM: OpenJDK 64-Bit Server VM (21.0.1+12-29, mixed mode, sharing, tiered, compressed oops, compressed class ptrs, g1 gc, windows-amd64)
GC Precious Log:
 CardTable entry size: 512
 Card Set container configuration: InlinePtr #cards 4 size 8 Array Of Cards #cards 16 size 48 Howl #buckets 8 coarsen threshold 3686 Howl Bitmap #cards 512 size 80 coarsen threshold 460 Card regions per heap region 1 cards per card region 4096
 CPUs: 12 total, 12 available
 Memory: 15706M
 Large Page Support: Disabled
 NUMA Support: Disabled
 Compressed Oops: Enabled (Zero based)
 Heap Region Size: 2M
 Heap Min Capacity: 8M
 Heap Initial Capacity: 246M
 Heap Max Capacity: 3928M
 Pre-touch: Disabled
 Parallel Workers: 10
 Concurrent Workers: 3
 Concurrent Refinement Workers: 10
 Periodic GC: Disabled
Heap:
 garbage-first heap   total 632832K, used 375337K [0x000000070a800000, 0x0000000800000000)
  region size 2048K, 4 young (8192K), 4 survivors (8192K)
 Metaspace       used 10133K, committed 10432K, reserved 1114112K
  class space    used 1336K, committed 1472K, reserved 1048576K
GC Heap History (20 events):
Event: 3.466 GC heap after
{Heap after GC invocations=3 (full 0):
 garbage-first heap   total 251904K, used 129022K [0x000000070a800000, 0x0000000800000000)
  region size 2048K, 3 young (6144K), 3 survivors (6144K)
 Metaspace       used 9903K, committed 10176K, reserved 1114112K
  class space    used 1301K, committed 1408K, reserved 1048576K
}
Event: 3.805 GC heap before
{Heap before GC invocations=4 (full 0):
 garbage-first heap   total 317440K, used 190462K [0x000000070a800000, 0x0000000800000000)
  region size 2048K, 4 young (8192K), 3 survivors (6144K)
 Metaspace       used 9903K, committed 10176K, reserved 1114112K
  class space    used 1301K, committed 1408K, reserved 1048576K
}
Event: 3.818 GC heap after
{Heap after GC invocations=5 (full 0):
 garbage-first heap   total 317440K, used 190282K [0x000000070a800000, 0x0000000800000000)
  region size 2048K, 3 young (6144K), 3 survivors (6144K)
 Metaspace       used 9903K, committed 10176K, reserved 1114112K
  class space    used 1301K, committed 1408K, reserved 1048576K
}
Event: 4.146 GC heap before
{Heap before GC invocations=6 (full 0):
 garbage-first heap   total 413696K, used 247626K [0x000000070a800000, 0x0000000800000000)
  region size 2048K, 4 young (8192K), 3 survivors (6144K)
 Metaspace       used 9904K, committed 10176K, reserved 1114112K
  class space    used 1301K, committed 1408K, reserved 1048576K
}
Event: 4.152 GC heap after
{Heap after GC invocations=7 (full 0):
 garbage-first heap   total 413696K, used 247746K [0x000000070a800000, 0x0000000800000000)
  region size 2048K, 3 young (6144K), 3 survivors (6144K)
 Metaspace       used 9904K, committed 10176K, reserved 1114112K
  class space    used 1301K, committed 1408K, reserved 1048576K
}
Event: 4.469 GC heap before
{Heap before GC invocations=8 (full 0):
 garbage-first heap   total 509952K, used 305090K [0x000000070a800000, 0x0000000800000000)
  region size 2048K, 4 young (8192K), 3 survivors (6144K)
 Metaspace       used 9910K, committed 10176K, reserved 1114112K
  class space    used 1301K, committed 1408K, reserved 1048576K
}
Event: 4.474 GC heap after
{Heap after GC invocations=9 (full 0):
 garbage-first heap   total 509952K, used 305497K [0x000000070a800000, 0x0000000800000000)
  region size 2048K, 4 young (8192K), 4 survivors (8192K)
 Metaspace       used 9910K, committed 10176K, reserved 1114112K
  class space    used 1301K, committed 1408K, reserved 1048576K
}
Event: 4.834 GC heap before
{Heap before GC invocations=10 (full 0):
 garbage-first heap   total 608256K, used 362841K [0x000000070a800000, 0x0000000800000000)
  region size 2048K, 5 young (10240K), 4 survivors (8192K)
 Metaspace       used 10115K, committed 10432K, reserved 1114112K
  class space    used 1336K, committed 1472K, reserved 1048576K
}
Event: 4.838 GC heap after
{Heap after GC invocations=11 (full 0):
 garbage-first heap   total 608256K, used 362496K [0x000000070a800000, 0x0000000800000000)
  region size 2048K, 3 young (6144K), 3 survivors (6144K)
 Metaspace       used 10115K, committed 10432K, reserved 1114112K
  class space    used 1336K, committed 1472K, reserved 1048576K
}
Event: 4.876 GC heap before
{Heap before GC invocations=12 (full 0):
 garbage-first heap   total 612352K, used 364544K [0x000000070a800000, 0x0000000800000000)
  region size 2048K, 4 young (8192K), 3 survivors (6144K)
 Metaspace       used 10133K, committed 10432K, reserved 1114112K
  class space    used 1336K, committed 1472K, reserved 1048576K
}
Event: 4.889 GC heap after
{Heap after GC invocations=13 (full 0):
 garbage-first heap   total 612352K, used 364811K [0x000000070a800000, 0x0000000800000000)
  region size 2048K, 4 young (8192K), 4 survivors (8192K)
 Metaspace       used 10133K, committed 10432K, reserved 1114112K
  class space    used 1336K, committed 1472K, reserved 1048576K
}
Event: 4.915 GC heap before
{Heap before GC invocations=14 (full 0):
 garbage-first heap   total 614400K, used 366859K [0x000000070a800000, 0x0000000800000000)
  region size 2048K, 5 young (10240K), 4 survivors (8192K)
 Metaspace       used 10133K, committed 10432K, reserved 1114112K
  class space    used 1336K, committed 1472K, reserved 1048576K
}
Event: 4.920 GC heap after
{Heap after GC invocations=15 (full 0):
 garbage-first heap   total 614400K, used 367048K [0x000000070a800000, 0x0000000800000000)
  region size 2048K, 4 young (8192K), 4 survivors (8192K)
 Metaspace       used 10133K, committed 10432K, reserved 1114112K
  class space    used 1336K, committed 1472K, reserved 1048576K
}
Event: 4.945 GC heap before
{Heap before GC invocations=16 (full 0):
 garbage-first heap   total 618496K, used 369096K [0x000000070a800000, 0x0000000800000000)
  region size 2048K, 5 young (10240K), 4 survivors (8192K)
 Metaspace       used 10133K, committed 10432K, reserved 1114112K
  class space    used 1336K, committed 1472K, reserved 1048576K
}
Event: 4.954 GC heap after
{Heap after GC invocations=17 (full 0):
 garbage-first heap   total 618496K, used 368999K [0x000000070a800000, 0x0000000800000000)
  region size 2048K, 4 young (8192K), 4 survivors (8192K)
 Metaspace       used 10133K, committed 10432K, reserved 1114112K
  class space    used 1336K, committed 1472K, reserved 1048576K
}
Event: 4.973 GC heap before
{Heap before GC invocations=18 (full 0):
 garbage-first heap   total 622592K, used 371047K [0x000000070a800000, 0x0000000800000000)
  region size 2048K, 5 young (10240K), 4 survivors (8192K)
 Metaspace       used 10133K, committed 10432K, reserved 1114112K
  class space    used 1336K, committed 1472K, reserved 1048576K
}
Event: 4.982 GC heap after
{Heap after GC invocations=19 (full 0):
 garbage-first heap   total 622592K, used 371146K [0x000000070a800000, 0x0000000800000000)
  region size 2048K, 4 young (8192K), 4 survivors (8192K)
 Metaspace       used 10133K, committed 10432K, reserved 1114112K
  class space    used 1336K, committed 1472K, reserved 1048576K
}
Event: 4.997 GC heap before
{Heap before GC invocations=20 (full 0):
 garbage-first heap   total 624640K, used 373194K [0x000000070a800000, 0x0000000800000000)
  region size 2048K, 5 young (10240K), 4 survivors (8192K)
 Metaspace       used 10133K, committed 10432K, reserved 1114112K
  class space    used 1336K, committed 1472K, reserved 1048576K
}
Event: 5.003 GC heap after
{Heap after GC invocations=21 (full 0):
 garbage-first heap   total 624640K, used 373276K [0x000000070a800000, 0x0000000800000000)
  region size 2048K, 4 young (8192K), 4 survivors (8192K)
 Metaspace       used 10133K, committed 10432K, reserved 1114112K
  class space    used 1336K, committed 1472K, reserved 1048576K
}
Event: 5.012 GC heap before
{Heap before GC invocations=22 (full 0):
 garbage-first heap   total 632832K, used 375324K [0x000000070a800000, 0x0000000800000000)
  region size 2048K, 5 young (10240K), 4 survivors (8192K)
 Metaspace       used 10133K, committed 10432K, reserved 1114112K
  class space    used 1336K, committed 1472K, reserved 1048576K
}

